app/build/intermediates/manifest_merge_blame_file/debug/manifest-merger-blame-debug-report.txt
1<?xml version="1.0" encoding="utf-8"?>
2<manifest xmlns:android="http://schemas.android.com/apk/res/android"
3    package="com.marix.myaht"
4    android:versionCode="1"
5    android:versionName="1.0" >
6
7    <uses-sdk
8        android:minSdkVersion="21"
8-->src\main\AndroidManifest.xml
9        android:targetSdkVersion="29" />
9-->src\main\AndroidManifest.xml
10
11    <uses-permission android:name="android.permission.INTERNET" />
11-->src\main\AndroidManifest.xml:5:5-67
11-->src\main\AndroidManifest.xml:5:22-64
12
13    <application
13-->src\main\AndroidManifest.xml:7:5-26:19
14        android:allowBackup="true"
14-->src\main\AndroidManifest.xml:8:9-35
15        android:appComponentFactory="androidx.core.app.CoreComponentFactory"
15-->[androidx.core:core:1.0.1] AndroidManifest.xml:22:18-86
16        android:debuggable="true"
17        android:icon="@mipmap/ic_launcher"
17-->src\main\AndroidManifest.xml:9:9-43
18        android:label="@string/app_name"
18-->src\main\AndroidManifest.xml:10:9-41
19        android:roundIcon="@mipmap/ic_launcher_round"
19-->src\main\AndroidManifest.xml:11:9-54
20        android:supportsRtl="true"
20-->src\main\AndroidManifest.xml:12:9-35
21        android:testOnly="true"
22        android:theme="@style/AppTheme" >
22-->src\main\AndroidManifest.xml:13:9-40
23        <activity
23-->src\main\AndroidManifest.xml:14:9-16:25
24            android:name="com.marix.myaht.NewsActivity"
24-->src\main\AndroidManifest.xml:14:19-47
25            android:theme="@style/Theme.Design.Light" />
25-->src\main\AndroidManifest.xml:15:13-54
26        <activity
26-->src\main\AndroidManifest.xml:17:9-25:20
27            android:name="com.marix.myaht.MainActivity"
27-->src\main\AndroidManifest.xml:18:13-41
28            android:label="@string/app_name" >
28-->src\main\AndroidManifest.xml:19:13-45
29            <intent-filter>
29-->src\main\AndroidManifest.xml:20:13-24:29
30                <action android:name="android.intent.action.MAIN" />
30-->src\main\AndroidManifest.xml:21:17-69
30-->src\main\AndroidManifest.xml:21:25-66
31
32                <category android:name="android.intent.category.LAUNCHER" />
32-->src\main\AndroidManifest.xml:23:17-77
32-->src\main\AndroidManifest.xml:23:27-74
33            </intent-filter>
34        </activity>
35
36        <provider
36-->[com.squareup.picasso:picasso:2.71828] AndroidManifest.xml:8:9-11:40
37            android:name="com.squareup.picasso.PicassoProvider"
37-->[com.squareup.picasso:picasso:2.71828] AndroidManifest.xml:9:13-64
38            android:authorities="com.marix.myaht.com.squareup.picasso"
38-->[com.squareup.picasso:picasso:2.71828] AndroidManifest.xml:10:13-72
39            android:exported="false" />
39-->[com.squareup.picasso:picasso:2.71828] AndroidManifest.xml:11:13-37
40        <provider
40-->[androidx.lifecycle:lifecycle-process:2.0.0] AndroidManifest.xml:23:9-27:43
41            android:name="androidx.lifecycle.ProcessLifecycleOwnerInitializer"
41-->[androidx.lifecycle:lifecycle-process:2.0.0] AndroidManifest.xml:24:13-79
42            android:authorities="com.marix.myaht.lifecycle-process"
42-->[androidx.lifecycle:lifecycle-process:2.0.0] AndroidManifest.xml:25:13-69
43            android:exported="false"
43-->[androidx.lifecycle:lifecycle-process:2.0.0] AndroidManifest.xml:26:13-37
44            android:multiprocess="true" />
44-->[androidx.lifecycle:lifecycle-process:2.0.0] AndroidManifest.xml:27:13-40
45    </application>
46
47</manifest>